This file contains any messages produced by compilers while
running configure, to aid debugging if configure makes a mistake.

It was created by configure, which was
generated by GNU Autoconf 2.69.  Invocation command line was

  $ /home/B3rZ3rkeRR0_2018/ragnarok/configure 

## --------- ##
## Platform. ##
## --------- ##

hostname = 732
uname -m = x86_64
uname -r = 2.6.32-042stab117.14
uname -s = Linux
uname -v = #1 SMP Tue Aug 30 17:12:57 MSK 2016

/usr/bin/uname -p = unknown
/bin/uname -X     = unknown

/bin/arch              = x86_64
/usr/bin/arch -k       = unknown
/usr/convex/getsysinfo = unknown
/usr/bin/hostinfo      = unknown
/bin/machine           = unknown
/usr/bin/oslevel       = unknown
/bin/universe          = unknown

PATH: /opt/rh/devtoolset-7/root/usr/bin
PATH: /usr/local/bin
PATH: /bin
PATH: /usr/bin
PATH: /usr/local/sbin
PATH: /usr/sbin
PATH: /sbin
PATH: /home/B3rZ3rkeRR0_2018/bin


## ----------- ##
## Core tests. ##
## ----------- ##

configure:2285: checking for g++
configure:2301: found /opt/rh/devtoolset-7/root/usr/bin/g++
configure:2312: result: g++
configure:2339: checking for C++ compiler version
configure:2348: g++ --version >&5
g++ (GCC) 7.2.1 20170829 (Red Hat 7.2.1-1)
Copyright (C) 2017 Free Software Foundation, Inc.
This is free software; see the source for copying conditions.  There is NO
warranty; not even for MERCHANTABILITY or FITNESS FOR A PARTICULAR PURPOSE.

configure:2359: $? = 0
configure:2348: g++ -v >&5
Using built-in specs.
COLLECT_GCC=g++
COLLECT_LTO_WRAPPER=/opt/rh/devtoolset-7/root/usr/libexec/gcc/x86_64-redhat-linux/7/lto-wrapper
Target: x86_64-redhat-linux
Configured with: ../configure --enable-bootstrap --enable-languages=c,c++,fortran,lto --prefix=/opt/rh/devtoolset-7/root/usr --mandir=/opt/rh/devtoolset-7/root/usr/share/man --infodir=/opt/rh/devtoolset-7/root/usr/share/info --with-bugurl=http://bugzilla.redhat.com/bugzilla --enable-shared --enable-threads=posix --enable-checking=release --enable-multilib --with-system-zlib --enable-__cxa_atexit --disable-libunwind-exceptions --enable-gnu-unique-object --enable-linker-build-id --with-gcc-major-version-only --enable-plugin --with-linker-hash-style=gnu --enable-initfini-array --with-default-libstdcxx-abi=gcc4-compatible --with-isl=/builddir/build/BUILD/gcc-7.2.1-20170829/obj-x86_64-redhat-linux/isl-install --enable-libmpx --with-mpc=/builddir/build/BUILD/gcc-7.2.1-20170829/obj-x86_64-redhat-linux/mpc-install --with-tune=generic --with-arch_32=i686 --build=x86_64-redhat-linux
Thread model: posix
gcc version 7.2.1 20170829 (Red Hat 7.2.1-1) (GCC) 
configure:2359: $? = 0
configure:2348: g++ -V >&5
g++: error: unrecognized command line option '-V'
g++: fatal error: no input files
compilation terminated.
configure:2359: $? = 1
configure:2348: g++ -qversion >&5
g++: error: unrecognized command line option '-qversion'; did you mean '--version'?
g++: fatal error: no input files
compilation terminated.
configure:2359: $? = 1
configure:2379: checking whether the C++ compiler works
configure:2401: g++    conftest.cpp  >&5
configure:2405: $? = 0
configure:2453: result: yes
configure:2456: checking for C++ compiler default output file name
configure:2458: result: a.out
configure:2464: checking for suffix of executables
configure:2471: g++ -o conftest    conftest.cpp  >&5
configure:2475: $? = 0
configure:2497: result: 
configure:2519: checking whether we are cross compiling
configure:2527: g++ -o conftest    conftest.cpp  >&5
configure:2531: $? = 0
configure:2538: ./conftest
configure:2542: $? = 0
configure:2557: result: no
configure:2562: checking for suffix of object files
configure:2584: g++ -c   conftest.cpp >&5
configure:2588: $? = 0
configure:2609: result: o
configure:2613: checking whether we are using the GNU C++ compiler
configure:2632: g++ -c   conftest.cpp >&5
configure:2632: $? = 0
configure:2641: result: yes
configure:2650: checking whether g++ accepts -g
configure:2670: g++ -c -g  conftest.cpp >&5
configure:2670: $? = 0
configure:2711: result: yes
configure:2751: checking how to run the C++ preprocessor
configure:2778: g++ -E  conftest.cpp
configure:2778: $? = 0
configure:2792: g++ -E  conftest.cpp
conftest.cpp:9:10: fatal error: ac_nonexistent.h: No such file or directory
 #include <ac_nonexistent.h>
          ^~~~~~~~~~~~~~~~~~
compilation terminated.
configure:2792: $? = 1
configure: failed program was:
| /* confdefs.h */
| #define PACKAGE_NAME ""
| #define PACKAGE_TARNAME ""
| #define PACKAGE_VERSION ""
| #define PACKAGE_STRING ""
| #define PACKAGE_BUGREPORT ""
| #define PACKAGE_URL ""
| /* end confdefs.h.  */
| #include <ac_nonexistent.h>
configure:2817: result: g++ -E
configure:2837: g++ -E  conftest.cpp
configure:2837: $? = 0
configure:2851: g++ -E  conftest.cpp
conftest.cpp:9:10: fatal error: ac_nonexistent.h: No such file or directory
 #include <ac_nonexistent.h>
          ^~~~~~~~~~~~~~~~~~
compilation terminated.
configure:2851: $? = 1
configure: failed program was:
| /* confdefs.h */
| #define PACKAGE_NAME ""
| #define PACKAGE_TARNAME ""
| #define PACKAGE_VERSION ""
| #define PACKAGE_STRING ""
| #define PACKAGE_BUGREPORT ""
| #define PACKAGE_URL ""
| /* end confdefs.h.  */
| #include <ac_nonexistent.h>
configure:2880: checking for grep that handles long lines and -e
configure:2938: result: /bin/grep
configure:2943: checking for egrep
configure:3005: result: /bin/grep -E
configure:3010: checking for ANSI C header files
configure:3030: g++ -c -g -O2  conftest.cpp >&5
configure:3030: $? = 0
configure:3103: g++ -o conftest -g -O2   conftest.cpp  >&5
configure:3103: $? = 0
configure:3103: ./conftest
configure:3103: $? = 0
configure:3114: result: yes
configure:3127: checking for sys/types.h
configure:3127: g++ -c -g -O2  conftest.cpp >&5
configure:3127: $? = 0
configure:3127: result: yes
configure:3127: checking for sys/stat.h
configure:3127: g++ -c -g -O2  conftest.cpp >&5
configure:3127: $? = 0
configure:3127: result: yes
configure:3127: checking for stdlib.h
configure:3127: g++ -c -g -O2  conftest.cpp >&5
configure:3127: $? = 0
configure:3127: result: yes
configure:3127: checking for string.h
configure:3127: g++ -c -g -O2  conftest.cpp >&5
configure:3127: $? = 0
configure:3127: result: yes
configure:3127: checking for memory.h
configure:3127: g++ -c -g -O2  conftest.cpp >&5
configure:3127: $? = 0
configure:3127: result: yes
configure:3127: checking for strings.h
configure:3127: g++ -c -g -O2  conftest.cpp >&5
configure:3127: $? = 0
configure:3127: result: yes
configure:3127: checking for inttypes.h
configure:3127: g++ -c -g -O2  conftest.cpp >&5
configure:3127: $? = 0
configure:3127: result: yes
configure:3127: checking for stdint.h
configure:3127: g++ -c -g -O2  conftest.cpp >&5
configure:3127: $? = 0
configure:3127: result: yes
configure:3127: checking for unistd.h
configure:3127: g++ -c -g -O2  conftest.cpp >&5
configure:3127: $? = 0
configure:3127: result: yes
configure:3140: checking minix/config.h usability
configure:3140: g++ -c -g -O2  conftest.cpp >&5
conftest.cpp:52:10: fatal error: minix/config.h: No such file or directory
 #include <minix/config.h>
          ^~~~~~~~~~~~~~~~
compilation terminated.
configure:3140: $? = 1
configure: failed program was:
| /* confdefs.h */
| #define PACKAGE_NAME ""
| #define PACKAGE_TARNAME ""
| #define PACKAGE_VERSION ""
| #define PACKAGE_STRING ""
| #define PACKAGE_BUGREPORT ""
| #define PACKAGE_URL ""
| #define STDC_HEADERS 1
| #define HAVE_SYS_TYPES_H 1
| #define HAVE_SYS_STAT_H 1
| #define HAVE_STDLIB_H 1
| #define HAVE_STRING_H 1
| #define HAVE_MEMORY_H 1
| #define HAVE_STRINGS_H 1
| #define HAVE_INTTYPES_H 1
| #define HAVE_STDINT_H 1
| #define HAVE_UNISTD_H 1
| /* end confdefs.h.  */
| #include <stdio.h>
| #ifdef HAVE_SYS_TYPES_H
| # include <sys/types.h>
| #endif
| #ifdef HAVE_SYS_STAT_H
| # include <sys/stat.h>
| #endif
| #ifdef STDC_HEADERS
| # include <stdlib.h>
| # include <stddef.h>
| #else
| # ifdef HAVE_STDLIB_H
| #  include <stdlib.h>
| # endif
| #endif
| #ifdef HAVE_STRING_H
| # if !defined STDC_HEADERS && defined HAVE_MEMORY_H
| #  include <memory.h>
| # endif
| # include <string.h>
| #endif
| #ifdef HAVE_STRINGS_H
| # include <strings.h>
| #endif
| #ifdef HAVE_INTTYPES_H
| # include <inttypes.h>
| #endif
| #ifdef HAVE_STDINT_H
| # include <stdint.h>
| #endif
| #ifdef HAVE_UNISTD_H
| # include <unistd.h>
| #endif
| #include <minix/config.h>
configure:3140: result: no
configure:3140: checking minix/config.h presence
configure:3140: g++ -E  conftest.cpp
conftest.cpp:19:10: fatal error: minix/config.h: No such file or directory
 #include <minix/config.h>
          ^~~~~~~~~~~~~~~~
compilation terminated.
configure:3140: $? = 1
configure: failed program was:
| /* confdefs.h */
| #define PACKAGE_NAME ""
| #define PACKAGE_TARNAME ""
| #define PACKAGE_VERSION ""
| #define PACKAGE_STRING ""
| #define PACKAGE_BUGREPORT ""
| #define PACKAGE_URL ""
| #define STDC_HEADERS 1
| #define HAVE_SYS_TYPES_H 1
| #define HAVE_SYS_STAT_H 1
| #define HAVE_STDLIB_H 1
| #define HAVE_STRING_H 1
| #define HAVE_MEMORY_H 1
| #define HAVE_STRINGS_H 1
| #define HAVE_INTTYPES_H 1
| #define HAVE_STDINT_H 1
| #define HAVE_UNISTD_H 1
| /* end confdefs.h.  */
| #include <minix/config.h>
configure:3140: result: no
configure:3140: checking for minix/config.h
configure:3140: result: no
configure:3161: checking whether it is safe to define __EXTENSIONS__
configure:3179: g++ -c -g -O2  conftest.cpp >&5
configure:3179: $? = 0
configure:3186: result: yes
configure:3587: checking whether make sets $(MAKE)
configure:3609: result: yes
configure:3666: checking for gcc
configure:3682: found /opt/rh/devtoolset-7/root/usr/bin/gcc
configure:3693: result: gcc
configure:3922: checking for C compiler version
configure:3931: gcc --version >&5
gcc (GCC) 7.2.1 20170829 (Red Hat 7.2.1-1)
Copyright (C) 2017 Free Software Foundation, Inc.
This is free software; see the source for copying conditions.  There is NO
warranty; not even for MERCHANTABILITY or FITNESS FOR A PARTICULAR PURPOSE.

configure:3942: $? = 0
configure:3931: gcc -v >&5
Using built-in specs.
COLLECT_GCC=gcc
COLLECT_LTO_WRAPPER=/opt/rh/devtoolset-7/root/usr/libexec/gcc/x86_64-redhat-linux/7/lto-wrapper
Target: x86_64-redhat-linux
Configured with: ../configure --enable-bootstrap --enable-languages=c,c++,fortran,lto --prefix=/opt/rh/devtoolset-7/root/usr --mandir=/opt/rh/devtoolset-7/root/usr/share/man --infodir=/opt/rh/devtoolset-7/root/usr/share/info --with-bugurl=http://bugzilla.redhat.com/bugzilla --enable-shared --enable-threads=posix --enable-checking=release --enable-multilib --with-system-zlib --enable-__cxa_atexit --disable-libunwind-exceptions --enable-gnu-unique-object --enable-linker-build-id --with-gcc-major-version-only --enable-plugin --with-linker-hash-style=gnu --enable-initfini-array --with-default-libstdcxx-abi=gcc4-compatible --with-isl=/builddir/build/BUILD/gcc-7.2.1-20170829/obj-x86_64-redhat-linux/isl-install --enable-libmpx --with-mpc=/builddir/build/BUILD/gcc-7.2.1-20170829/obj-x86_64-redhat-linux/mpc-install --with-tune=generic --with-arch_32=i686 --build=x86_64-redhat-linux
Thread model: posix
gcc version 7.2.1 20170829 (Red Hat 7.2.1-1) (GCC) 
configure:3942: $? = 0
configure:3931: gcc -V >&5
gcc: error: unrecognized command line option '-V'
gcc: fatal error: no input files
compilation terminated.
configure:3942: $? = 1
configure:3931: gcc -qversion >&5
gcc: error: unrecognized command line option '-qversion'; did you mean '--version'?
gcc: fatal error: no input files
compilation terminated.
configure:3942: $? = 1
configure:3946: checking whether we are using the GNU C compiler
configure:3965: gcc -c   -DMAXCONN=16384 conftest.c >&5
configure:3965: $? = 0
configure:3974: result: yes
configure:3983: checking whether gcc accepts -g
configure:4003: gcc -c -g  -DMAXCONN=16384 conftest.c >&5
configure:4003: $? = 0
configure:4044: result: yes
configure:4061: checking for gcc option to accept ISO C89
configure:4124: gcc  -c -g -O2  -DMAXCONN=16384 conftest.c >&5
configure:4124: $? = 0
configure:4137: result: none needed
configure:4269: checking for C++ compiler version
configure:4278: g++ --version >&5
g++ (GCC) 7.2.1 20170829 (Red Hat 7.2.1-1)
Copyright (C) 2017 Free Software Foundation, Inc.
This is free software; see the source for copying conditions.  There is NO
warranty; not even for MERCHANTABILITY or FITNESS FOR A PARTICULAR PURPOSE.

configure:4289: $? = 0
configure:4278: g++ -v >&5
Using built-in specs.
COLLECT_GCC=g++
COLLECT_LTO_WRAPPER=/opt/rh/devtoolset-7/root/usr/libexec/gcc/x86_64-redhat-linux/7/lto-wrapper
Target: x86_64-redhat-linux
Configured with: ../configure --enable-bootstrap --enable-languages=c,c++,fortran,lto --prefix=/opt/rh/devtoolset-7/root/usr --mandir=/opt/rh/devtoolset-7/root/usr/share/man --infodir=/opt/rh/devtoolset-7/root/usr/share/info --with-bugurl=http://bugzilla.redhat.com/bugzilla --enable-shared --enable-threads=posix --enable-checking=release --enable-multilib --with-system-zlib --enable-__cxa_atexit --disable-libunwind-exceptions --enable-gnu-unique-object --enable-linker-build-id --with-gcc-major-version-only --enable-plugin --with-linker-hash-style=gnu --enable-initfini-array --with-default-libstdcxx-abi=gcc4-compatible --with-isl=/builddir/build/BUILD/gcc-7.2.1-20170829/obj-x86_64-redhat-linux/isl-install --enable-libmpx --with-mpc=/builddir/build/BUILD/gcc-7.2.1-20170829/obj-x86_64-redhat-linux/mpc-install --with-tune=generic --with-arch_32=i686 --build=x86_64-redhat-linux
Thread model: posix
gcc version 7.2.1 20170829 (Red Hat 7.2.1-1) (GCC) 
configure:4289: $? = 0
configure:4278: g++ -V >&5
g++: error: unrecognized command line option '-V'
g++: fatal error: no input files
compilation terminated.
configure:4289: $? = 1
configure:4278: g++ -qversion >&5
g++: error: unrecognized command line option '-qversion'; did you mean '--version'?
g++: fatal error: no input files
compilation terminated.
configure:4289: $? = 1
configure:4293: checking whether we are using the GNU C++ compiler
configure:4321: result: yes
configure:4330: checking whether g++ accepts -g
configure:4391: result: yes
configure:4416: checking for ar
configure:4434: found /opt/rh/devtoolset-7/root/usr/bin/ar
configure:4446: result: /opt/rh/devtoolset-7/root/usr/bin/ar
configure:4467: checking whether byte ordering is bigendian
configure:4482: g++ -c -g -O2 -std=c++11  -DMAXCONN=16384 -I../common conftest.cpp >&5
conftest.cpp:25:9: error: expected unqualified-id before 'not' token
         not a universal capable compiler
         ^~~
configure:4482: $? = 1
configure: failed program was:
| /* confdefs.h */
| #define PACKAGE_NAME ""
| #define PACKAGE_TARNAME ""
| #define PACKAGE_VERSION ""
| #define PACKAGE_STRING ""
| #define PACKAGE_BUGREPORT ""
| #define PACKAGE_URL ""
| #define STDC_HEADERS 1
| #define HAVE_SYS_TYPES_H 1
| #define HAVE_SYS_STAT_H 1
| #define HAVE_STDLIB_H 1
| #define HAVE_STRING_H 1
| #define HAVE_MEMORY_H 1
| #define HAVE_STRINGS_H 1
| #define HAVE_INTTYPES_H 1
| #define HAVE_STDINT_H 1
| #define HAVE_UNISTD_H 1
| #define __EXTENSIONS__ 1
| #define _ALL_SOURCE 1
| #define _GNU_SOURCE 1
| #define _POSIX_PTHREAD_SEMANTICS 1
| #define _TANDEM_SOURCE 1
| /* end confdefs.h.  */
| #ifndef __APPLE_CC__
| 	       not a universal capable compiler
| 	     #endif
| 	     typedef int dummy;
| 
configure:4527: g++ -c -g -O2 -std=c++11  -DMAXCONN=16384 -I../common conftest.cpp >&5
configure:4527: $? = 0
configure:4545: g++ -c -g -O2 -std=c++11  -DMAXCONN=16384 -I../common conftest.cpp >&5
conftest.cpp: In function 'int main()':
conftest.cpp:31:8: error: 'big' was not declared in this scope
    not big endian
        ^~~
configure:4545: $? = 1
configure: failed program was:
| /* confdefs.h */
| #define PACKAGE_NAME ""
| #define PACKAGE_TARNAME ""
| #define PACKAGE_VERSION ""
| #define PACKAGE_STRING ""
| #define PACKAGE_BUGREPORT ""
| #define PACKAGE_URL ""
| #define STDC_HEADERS 1
| #define HAVE_SYS_TYPES_H 1
| #define HAVE_SYS_STAT_H 1
| #define HAVE_STDLIB_H 1
| #define HAVE_STRING_H 1
| #define HAVE_MEMORY_H 1
| #define HAVE_STRINGS_H 1
| #define HAVE_INTTYPES_H 1
| #define HAVE_STDINT_H 1
| #define HAVE_UNISTD_H 1
| #define __EXTENSIONS__ 1
| #define _ALL_SOURCE 1
| #define _GNU_SOURCE 1
| #define _POSIX_PTHREAD_SEMANTICS 1
| #define _TANDEM_SOURCE 1
| /* end confdefs.h.  */
| #include <sys/types.h>
| 		#include <sys/param.h>
| 
| int
| main ()
| {
| #if BYTE_ORDER != BIG_ENDIAN
| 		 not big endian
| 		#endif
| 
|   ;
|   return 0;
| }
configure:4673: result: no
configure:4742: checking whether gcc produces 32bit code
configure:4760: g++ -o conftest -g -O2 -std=c++11  -DMAXCONN=16384 -I../common  conftest.cpp  >&5
configure:4760: $? = 0
configure:4760: ./conftest
configure:4760: $? = 1
configure: program exited with status 1
configure: failed program was:
| /* confdefs.h */
| #define PACKAGE_NAME ""
| #define PACKAGE_TARNAME ""
| #define PACKAGE_VERSION ""
| #define PACKAGE_STRING ""
| #define PACKAGE_BUGREPORT ""
| #define PACKAGE_URL ""
| #define STDC_HEADERS 1
| #define HAVE_SYS_TYPES_H 1
| #define HAVE_SYS_STAT_H 1
| #define HAVE_STDLIB_H 1
| #define HAVE_STRING_H 1
| #define HAVE_MEMORY_H 1
| #define HAVE_STRINGS_H 1
| #define HAVE_INTTYPES_H 1
| #define HAVE_STDINT_H 1
| #define HAVE_UNISTD_H 1
| #define __EXTENSIONS__ 1
| #define _ALL_SOURCE 1
| #define _GNU_SOURCE 1
| #define _POSIX_PTHREAD_SEMANTICS 1
| #define _TANDEM_SOURCE 1
| /* end confdefs.h.  */
| 
| 		int main(int argc, char **argv){
| 			if(sizeof(void*) == 4) return 0;
| 			else return 1;
| 		}
| 
configure:4805: result: no
configure:4819: checking whether gcc supports __thread specifier (TLS)
configure:4838: g++ -o conftest -g -O2 -std=c++11  -DMAXCONN=16384 -I../common  conftest.cpp  >&5
configure:4838: $? = 0
configure:4838: ./conftest
configure:4838: $? = 0
configure:4840: result: yes
configure:4869: checking whether gcc supports -ffat-lto-objects
configure:4886: g++ -o conftest -g -O2 -std=c++11  -DMAXCONN=16384 -I../common -DHAS_TLS  -flto -fuse-linker-plugin -ffat-lto-objects conftest.cpp  >&5
configure:4886: $? = 0
configure:4886: ./conftest
configure:4886: $? = 0
configure:4888: result: yes
configure:4908: checking whether gcc supports -flto -fuse-linker-plugin
configure:4925: g++ -o conftest -g -O2 -std=c++11  -DMAXCONN=16384 -I../common -DHAS_TLS  -flto -fuse-linker-plugin conftest.cpp  >&5
configure:4925: $? = 0
configure:4925: ./conftest
configure:4925: $? = 0
configure:4927: result: yes
configure:4952: checking whether gcc supports -Wno-unused-parameter
configure:4960: g++ -c -g -O2 -std=c++11  -DMAXCONN=16384 -I../common -DHAS_TLS conftest.cpp >&5
configure:4960: $? = 0
configure:4970: g++ -c -g -O2 -std=c++11  -DMAXCONN=16384 -I../common -DHAS_TLS conftest.cpp >&5
configure:4970: $? = 0
configure:4972: result: yes
configure:4977: checking whether gcc can actually use -Wno-unused-parameter
configure:4984: g++ -c -g -O2 -std=c++11  -DMAXCONN=16384 -I../common -DHAS_TLS conftest.cpp >&5
configure:4984: $? = 0
configure:4986: result: not needed but enabled
configure:5040: checking whether gcc supports -Wempty-body
configure:5048: g++ -c -g -O2 -std=c++11  -DMAXCONN=16384 -I../common -DHAS_TLS conftest.cpp >&5
configure:5048: $? = 0
configure:5050: result: yes
configure:5089: checking whether gcc supports -Wno-switch
configure:5097: g++ -c -g -O2 -std=c++11  -DMAXCONN=16384 -I../common -DHAS_TLS conftest.cpp >&5
configure:5097: $? = 0
configure:5107: g++ -c -g -O2 -std=c++11  -DMAXCONN=16384 -I../common -DHAS_TLS conftest.cpp >&5
configure:5107: $? = 0
configure:5109: result: yes
configure:5177: checking whether gcc supports -Wno-missing-field-initializers
configure:5185: g++ -c -g -O2 -std=c++11  -DMAXCONN=16384 -I../common -DHAS_TLS conftest.cpp >&5
configure:5185: $? = 0
configure:5195: g++ -c -g -O2 -std=c++11  -DMAXCONN=16384 -I../common -DHAS_TLS conftest.cpp >&5
configure:5195: $? = 0
configure:5197: result: yes
configure:5264: checking whether compiler is clang
configure:5270: result: no
configure:5273: checking whether gcc supports -Wno-maybe-uninitialized
configure:5281: g++ -c -g -O2 -std=c++11  -DMAXCONN=16384 -I../common -DHAS_TLS conftest.cpp >&5
configure:5281: $? = 0
configure:5291: g++ -c -g -O2 -std=c++11  -DMAXCONN=16384 -I../common -DHAS_TLS conftest.cpp >&5
configure:5291: $? = 0
configure:5293: result: yes
configure:5361: checking whether gcc supports -Wno-clobbered
configure:5369: g++ -c -g -O2 -std=c++11  -DMAXCONN=16384 -I../common -DHAS_TLS conftest.cpp >&5
configure:5369: $? = 0
configure:5379: g++ -c -g -O2 -std=c++11  -DMAXCONN=16384 -I../common -DHAS_TLS conftest.cpp >&5
configure:5379: $? = 0
configure:5381: result: yes
configure:5455: checking whether gcc supports -Wshadow
configure:5463: g++ -c -g -O2 -std=c++11  -DMAXCONN=16384 -I../common -DHAS_TLS conftest.cpp >&5
configure:5463: $? = 0
configure:5465: result: yes
configure:5504: checking whether gcc can efficiently use -Wshadow
configure:5520: g++ -c -g -O2 -std=c++11  -DMAXCONN=16384 -I../common -DHAS_TLS conftest.cpp >&5
configure:5520: $? = 0
configure:5522: result: yes
configure:5537: checking whether gcc supports -fPIC
configure:5545: g++ -c -g -O2 -std=c++11  -DMAXCONN=16384 -I../common -DHAS_TLS conftest.cpp >&5
configure:5545: $? = 0
configure:5547: result: yes
configure:5565: checking how to make shared objects
configure:5586: g++ -o conftest -g -O2 -std=c++11  -DMAXCONN=16384 -I../common -DHAS_TLS  conftest.cpp  >&5
/usr/lib/../lib64/crt1.o: In function `_start':
(.text+0x20): undefined reference to `main'
collect2: error: ld returned 1 exit status
configure:5586: $? = 1
configure: failed program was:
| /* confdefs.h */
| #define PACKAGE_NAME ""
| #define PACKAGE_TARNAME ""
| #define PACKAGE_VERSION ""
| #define PACKAGE_STRING ""
| #define PACKAGE_BUGREPORT ""
| #define PACKAGE_URL ""
| #define STDC_HEADERS 1
| #define HAVE_SYS_TYPES_H 1
| #define HAVE_SYS_STAT_H 1
| #define HAVE_STDLIB_H 1
| #define HAVE_STRING_H 1
| #define HAVE_MEMORY_H 1
| #define HAVE_STRINGS_H 1
| #define HAVE_INTTYPES_H 1
| #define HAVE_STDINT_H 1
| #define HAVE_UNISTD_H 1
| #define __EXTENSIONS__ 1
| #define _ALL_SOURCE 1
| #define _GNU_SOURCE 1
| #define _POSIX_PTHREAD_SEMANTICS 1
| #define _TANDEM_SOURCE 1
| /* end confdefs.h.  */
| 
| 		int bar = 0;
| 
| 		int foo(void)
| 		{
| 			return bar;
| 		}
| 
configure:5608: g++ -o conftest -g -O2 -std=c++11  -DMAXCONN=16384 -I../common -DHAS_TLS  conftest.cpp  >&5
/usr/lib/../lib64/crt1.o: In function `_start':
(.text+0x20): undefined reference to `main'
collect2: error: ld returned 1 exit status
configure:5608: $? = 1
configure: failed program was:
| /* confdefs.h */
| #define PACKAGE_NAME ""
| #define PACKAGE_TARNAME ""
| #define PACKAGE_VERSION ""
| #define PACKAGE_STRING ""
| #define PACKAGE_BUGREPORT ""
| #define PACKAGE_URL ""
| #define STDC_HEADERS 1
| #define HAVE_SYS_TYPES_H 1
| #define HAVE_SYS_STAT_H 1
| #define HAVE_STDLIB_H 1
| #define HAVE_STRING_H 1
| #define HAVE_MEMORY_H 1
| #define HAVE_STRINGS_H 1
| #define HAVE_INTTYPES_H 1
| #define HAVE_STDINT_H 1
| #define HAVE_UNISTD_H 1
| #define __EXTENSIONS__ 1
| #define _ALL_SOURCE 1
| #define _GNU_SOURCE 1
| #define _POSIX_PTHREAD_SEMANTICS 1
| #define _TANDEM_SOURCE 1
| /* end confdefs.h.  */
| 
| 		int bar = 0;
| 
| 		int foo(void)
| 		{
| 			return bar;
| 		}
| 
configure:5619: result: not supported
configure:5621: compiler is unable to generate shared objects, disabled plugins (optional)
configure:5766: checking whether gcc supports -fno-strict-aliasing
configure:5774: g++ -c -g -O2 -std=c++11  -DMAXCONN=16384 -I../common -DHAS_TLS -fno-strict-aliasing conftest.cpp >&5
configure:5774: $? = 0
configure:5775: result: yes
configure:5796: checking for setrlimit
configure:5796: g++ -o conftest -g -O2 -std=c++11  -DMAXCONN=16384 -I../common -DHAS_TLS -fno-strict-aliasing  conftest.cpp  >&5
configure:5796: $? = 0
configure:5796: result: yes
configure:5806: checking for strnlen
configure:5806: g++ -o conftest -g -O2 -std=c++11  -DMAXCONN=16384 -I../common -DHAS_TLS -fno-strict-aliasing -DHAVE_SETRLIMIT  conftest.cpp  >&5
configure:5806: $? = 0
configure:5806: result: yes
configure:5815: checking for uselocale
configure:5815: g++ -o conftest -g -O2 -std=c++11  -DMAXCONN=16384 -I../common -DHAS_TLS -fno-strict-aliasing -DHAVE_SETRLIMIT -DHAVE_STRNLEN  conftest.cpp  >&5
configure:5815: $? = 0
configure:5815: result: yes
configure:5826: checking for newlocale
configure:5826: g++ -o conftest -g -O2 -std=c++11  -DMAXCONN=16384 -I../common -DHAS_TLS -fno-strict-aliasing -DHAVE_SETRLIMIT -DHAVE_STRNLEN  conftest.cpp  >&5
configure:5826: $? = 0
configure:5826: result: yes
configure:5837: checking for freelocale
configure:5837: g++ -o conftest -g -O2 -std=c++11  -DMAXCONN=16384 -I../common -DHAS_TLS -fno-strict-aliasing -DHAVE_SETRLIMIT -DHAVE_STRNLEN  conftest.cpp  >&5
configure:5837: $? = 0
configure:5837: result: yes
configure:5848: checking for xlocale.h
configure:5848: g++ -c -g -O2 -std=c++11  -DMAXCONN=16384 -I../common -DHAS_TLS -fno-strict-aliasing -DHAVE_SETRLIMIT -DHAVE_STRNLEN conftest.cpp >&5
configure:5848: $? = 0
configure:5848: result: yes
configure:6038: checking for library containing inflateEnd
configure:6069: g++ -o conftest -g -O2 -std=c++11  -DMAXCONN=16384 -I../common -DHAS_TLS -fno-strict-aliasing -DHAVE_SETRLIMIT -DHAVE_STRNLEN  -I/usr/include  -L/usr/lib conftest.cpp  >&5
/tmp/ccnrxpCa.o: In function `main':
/home/B3rZ3rkeRR0_2018/ragnarok/conftest.cpp:39: undefined reference to `inflateEnd'
collect2: error: ld returned 1 exit status
configure:6069: $? = 1
configure: failed program was:
| /* confdefs.h */
| #define PACKAGE_NAME ""
| #define PACKAGE_TARNAME ""
| #define PACKAGE_VERSION ""
| #define PACKAGE_STRING ""
| #define PACKAGE_BUGREPORT ""
| #define PACKAGE_URL ""
| #define STDC_HEADERS 1
| #define HAVE_SYS_TYPES_H 1
| #define HAVE_SYS_STAT_H 1
| #define HAVE_STDLIB_H 1
| #define HAVE_STRING_H 1
| #define HAVE_MEMORY_H 1
| #define HAVE_STRINGS_H 1
| #define HAVE_INTTYPES_H 1
| #define HAVE_STDINT_H 1
| #define HAVE_UNISTD_H 1
| #define __EXTENSIONS__ 1
| #define _ALL_SOURCE 1
| #define _GNU_SOURCE 1
| #define _POSIX_PTHREAD_SEMANTICS 1
| #define _TANDEM_SOURCE 1
| #define HAVE_USELOCALE 1
| #define HAVE_NEWLOCALE 1
| #define HAVE_FREELOCALE 1
| #define HAVE_XLOCALE_H 1
| /* end confdefs.h.  */
| 
| /* Override any GCC internal prototype to avoid an error.
|    Use char because int might match the return type of a GCC
|    builtin and then its argument prototype would still apply.  */
| #ifdef __cplusplus
| extern "C"
| #endif
| char inflateEnd ();
| int
| main ()
| {
| return inflateEnd ();
|   ;
|   return 0;
| }
configure:6069: g++ -o conftest -g -O2 -std=c++11  -DMAXCONN=16384 -I../common -DHAS_TLS -fno-strict-aliasing -DHAVE_SETRLIMIT -DHAVE_STRNLEN  -I/usr/include  -L/usr/lib conftest.cpp -lz   >&5
configure:6069: $? = 0
configure:6086: result: -lz
configure:6096: checking for zlib.h
configure:6096: g++ -c -g -O2 -std=c++11  -DMAXCONN=16384 -I../common -DHAS_TLS -fno-strict-aliasing -DHAVE_SETRLIMIT -DHAVE_STRNLEN  -I/usr/include conftest.cpp >&5
configure:6096: $? = 0
configure:6096: result: yes
configure:6113: checking for library containing sqrt
configure:6144: g++ -o conftest -g -O2 -std=c++11  -DMAXCONN=16384 -I../common -DHAS_TLS -fno-strict-aliasing -DHAVE_SETRLIMIT -DHAVE_STRNLEN  -I/usr/include  -L/usr/lib conftest.cpp -lz  >&5
conftest.cpp:35:6: warning: declaration of 'char sqrt()' conflicts with built-in declaration 'double sqrt(double)' [-Wbuiltin-declaration-mismatch]
 char sqrt ();
      ^~~~
configure:6144: $? = 0
configure:6161: result: none required
configure:6176: checking for library containing clock_gettime
configure:6207: g++ -o conftest -g -O2 -std=c++11  -DMAXCONN=16384 -I../common -DHAS_TLS -fno-strict-aliasing -DHAVE_SETRLIMIT -DHAVE_STRNLEN  -I/usr/include  -L/usr/lib conftest.cpp -lz  >&5
/tmp/ccsZkF9H.o: In function `main':
/home/B3rZ3rkeRR0_2018/ragnarok/conftest.cpp:39: undefined reference to `clock_gettime'
collect2: error: ld returned 1 exit status
configure:6207: $? = 1
configure: failed program was:
| /* confdefs.h */
| #define PACKAGE_NAME ""
| #define PACKAGE_TARNAME ""
| #define PACKAGE_VERSION ""
| #define PACKAGE_STRING ""
| #define PACKAGE_BUGREPORT ""
| #define PACKAGE_URL ""
| #define STDC_HEADERS 1
| #define HAVE_SYS_TYPES_H 1
| #define HAVE_SYS_STAT_H 1
| #define HAVE_STDLIB_H 1
| #define HAVE_STRING_H 1
| #define HAVE_MEMORY_H 1
| #define HAVE_STRINGS_H 1
| #define HAVE_INTTYPES_H 1
| #define HAVE_STDINT_H 1
| #define HAVE_UNISTD_H 1
| #define __EXTENSIONS__ 1
| #define _ALL_SOURCE 1
| #define _GNU_SOURCE 1
| #define _POSIX_PTHREAD_SEMANTICS 1
| #define _TANDEM_SOURCE 1
| #define HAVE_USELOCALE 1
| #define HAVE_NEWLOCALE 1
| #define HAVE_FREELOCALE 1
| #define HAVE_XLOCALE_H 1
| /* end confdefs.h.  */
| 
| /* Override any GCC internal prototype to avoid an error.
|    Use char because int might match the return type of a GCC
|    builtin and then its argument prototype would still apply.  */
| #ifdef __cplusplus
| extern "C"
| #endif
| char clock_gettime ();
| int
| main ()
| {
| return clock_gettime ();
|   ;
|   return 0;
| }
configure:6207: g++ -o conftest -g -O2 -std=c++11  -DMAXCONN=16384 -I../common -DHAS_TLS -fno-strict-aliasing -DHAVE_SETRLIMIT -DHAVE_STRNLEN  -I/usr/include  -L/usr/lib conftest.cpp -lrt  -lz  >&5
configure:6207: $? = 0
configure:6224: result: -lrt
configure:6243: checking whether CLOCK_MONOTONIC is supported and works
configure:6266: g++ -o conftest -g -O2 -std=c++11  -DMAXCONN=16384 -I../common -DHAS_TLS -fno-strict-aliasing -DHAVE_SETRLIMIT -DHAVE_STRNLEN  -I/usr/include  -L/usr/lib conftest.cpp -lrt -lz  >&5
configure:6266: $? = 0
configure:6266: ./conftest
configure:6266: $? = 0
configure:6268: result: yes
configure:6290: checking for library containing pthread_create
configure:6321: g++ -o conftest -g -O2 -std=c++11  -DMAXCONN=16384 -I../common -DHAS_TLS -fno-strict-aliasing -DHAVE_SETRLIMIT -DHAVE_STRNLEN  -I/usr/include -DHAVE_MONOTONIC_CLOCK  -L/usr/lib conftest.cpp -lrt -lz  >&5
/opt/rh/devtoolset-7/root/usr/libexec/gcc/x86_64-redhat-linux/7/ld: /tmp/ccEamSN9.o: undefined reference to symbol 'pthread_create@@GLIBC_2.2.5'
//lib64/libpthread.so.0: error adding symbols: DSO missing from command line
collect2: error: ld returned 1 exit status
configure:6321: $? = 1
configure: failed program was:
| /* confdefs.h */
| #define PACKAGE_NAME ""
| #define PACKAGE_TARNAME ""
| #define PACKAGE_VERSION ""
| #define PACKAGE_STRING ""
| #define PACKAGE_BUGREPORT ""
| #define PACKAGE_URL ""
| #define STDC_HEADERS 1
| #define HAVE_SYS_TYPES_H 1
| #define HAVE_SYS_STAT_H 1
| #define HAVE_STDLIB_H 1
| #define HAVE_STRING_H 1
| #define HAVE_MEMORY_H 1
| #define HAVE_STRINGS_H 1
| #define HAVE_INTTYPES_H 1
| #define HAVE_STDINT_H 1
| #define HAVE_UNISTD_H 1
| #define __EXTENSIONS__ 1
| #define _ALL_SOURCE 1
| #define _GNU_SOURCE 1
| #define _POSIX_PTHREAD_SEMANTICS 1
| #define _TANDEM_SOURCE 1
| #define HAVE_USELOCALE 1
| #define HAVE_NEWLOCALE 1
| #define HAVE_FREELOCALE 1
| #define HAVE_XLOCALE_H 1
| /* end confdefs.h.  */
| 
| /* Override any GCC internal prototype to avoid an error.
|    Use char because int might match the return type of a GCC
|    builtin and then its argument prototype would still apply.  */
| #ifdef __cplusplus
| extern "C"
| #endif
| char pthread_create ();
| int
| main ()
| {
| return pthread_create ();
|   ;
|   return 0;
| }
configure:6321: g++ -o conftest -g -O2 -std=c++11  -DMAXCONN=16384 -I../common -DHAS_TLS -fno-strict-aliasing -DHAVE_SETRLIMIT -DHAVE_STRNLEN  -I/usr/include -DHAVE_MONOTONIC_CLOCK  -L/usr/lib conftest.cpp -lpthread  -lrt -lz  >&5
configure:6321: $? = 0
configure:6338: result: -lpthread
configure:6348: checking for library containing pthread_sigmask
configure:6379: g++ -o conftest -g -O2 -std=c++11  -DMAXCONN=16384 -I../common -DHAS_TLS -fno-strict-aliasing -DHAVE_SETRLIMIT -DHAVE_STRNLEN  -I/usr/include -DHAVE_MONOTONIC_CLOCK  -L/usr/lib conftest.cpp -lpthread -lrt -lz  >&5
configure:6379: $? = 0
configure:6396: result: none required
configure:6406: checking for library containing pthread_attr_init
configure:6437: g++ -o conftest -g -O2 -std=c++11  -DMAXCONN=16384 -I../common -DHAS_TLS -fno-strict-aliasing -DHAVE_SETRLIMIT -DHAVE_STRNLEN  -I/usr/include -DHAVE_MONOTONIC_CLOCK  -L/usr/lib conftest.cpp -lpthread -lrt -lz  >&5
configure:6437: $? = 0
configure:6454: result: none required
configure:6464: checking for library containing pthread_attr_setstacksize
configure:6495: g++ -o conftest -g -O2 -std=c++11  -DMAXCONN=16384 -I../common -DHAS_TLS -fno-strict-aliasing -DHAVE_SETRLIMIT -DHAVE_STRNLEN  -I/usr/include -DHAVE_MONOTONIC_CLOCK  -L/usr/lib conftest.cpp -lpthread -lrt -lz  >&5
configure:6495: $? = 0
configure:6512: result: none required
configure:6522: checking for library containing pthread_attr_destroy
configure:6553: g++ -o conftest -g -O2 -std=c++11  -DMAXCONN=16384 -I../common -DHAS_TLS -fno-strict-aliasing -DHAVE_SETRLIMIT -DHAVE_STRNLEN  -I/usr/include -DHAVE_MONOTONIC_CLOCK  -L/usr/lib conftest.cpp -lpthread -lrt -lz  >&5
configure:6553: $? = 0
configure:6570: result: none required
configure:6580: checking for library containing pthread_cancel
configure:6611: g++ -o conftest -g -O2 -std=c++11  -DMAXCONN=16384 -I../common -DHAS_TLS -fno-strict-aliasing -DHAVE_SETRLIMIT -DHAVE_STRNLEN  -I/usr/include -DHAVE_MONOTONIC_CLOCK  -L/usr/lib conftest.cpp -lpthread -lrt -lz  >&5
configure:6611: $? = 0
configure:6628: result: none required
configure:6638: checking for library containing pthread_join
configure:6669: g++ -o conftest -g -O2 -std=c++11  -DMAXCONN=16384 -I../common -DHAS_TLS -fno-strict-aliasing -DHAVE_SETRLIMIT -DHAVE_STRNLEN  -I/usr/include -DHAVE_MONOTONIC_CLOCK  -L/usr/lib conftest.cpp -lpthread -lrt -lz  >&5
configure:6669: $? = 0
configure:6686: result: none required
configure:6705: checking for mysql_config
configure:6723: found /usr/bin/mysql_config
configure:6736: result: /usr/bin/mysql_config
configure:6760: checking for mysql_init in -lmysqlclient
configure:6785: g++ -o conftest -g -O2 -std=c++11  -DMAXCONN=16384 -I../common -DHAS_TLS -fno-strict-aliasing -DHAVE_SETRLIMIT -DHAVE_STRNLEN  -I/usr/include -DHAVE_MONOTONIC_CLOCK -I/usr/include/mysql  -L/usr/lib -rdynamic -L/usr/lib64/mysql -lmysqlclient -lz -lcrypt -lnsl -lm -lssl -lcrypto conftest.cpp -lmysqlclient  -lpthread -lrt -lz  >&5
configure:6785: $? = 0
configure:6794: result: yes
configure:6800: checking mysql.h usability
configure:6800: g++ -c -g -O2 -std=c++11  -DMAXCONN=16384 -I../common -DHAS_TLS -fno-strict-aliasing -DHAVE_SETRLIMIT -DHAVE_STRNLEN  -I/usr/include -DHAVE_MONOTONIC_CLOCK -I/usr/include/mysql conftest.cpp >&5
configure:6800: $? = 0
configure:6800: result: yes
configure:6800: checking mysql.h presence
configure:6800: g++ -E  -DMAXCONN=16384 -I../common -DHAS_TLS -fno-strict-aliasing -DHAVE_SETRLIMIT -DHAVE_STRNLEN  -I/usr/include -DHAVE_MONOTONIC_CLOCK -I/usr/include/mysql conftest.cpp
configure:6800: $? = 0
configure:6800: result: yes
configure:6800: checking for mysql.h
configure:6800: result: yes
configure:6811: checking MySQL library (required)
configure:6814: result: yes (5.1.73)
configure:6843: checking for library containing pcre_study
configure:6874: g++ -o conftest -g -O2 -std=c++11  -DMAXCONN=16384 -I../common -DHAS_TLS -fno-strict-aliasing -DHAVE_SETRLIMIT -DHAVE_STRNLEN  -I/usr/include -DHAVE_MONOTONIC_CLOCK  -L/usr/lib conftest.cpp -lpthread -lrt -lz  >&5
/tmp/ccGWZ3Qb.o: In function `main':
/home/B3rZ3rkeRR0_2018/ragnarok/conftest.cpp:39: undefined reference to `pcre_study'
collect2: error: ld returned 1 exit status
configure:6874: $? = 1
configure: failed program was:
| /* confdefs.h */
| #define PACKAGE_NAME ""
| #define PACKAGE_TARNAME ""
| #define PACKAGE_VERSION ""
| #define PACKAGE_STRING ""
| #define PACKAGE_BUGREPORT ""
| #define PACKAGE_URL ""
| #define STDC_HEADERS 1
| #define HAVE_SYS_TYPES_H 1
| #define HAVE_SYS_STAT_H 1
| #define HAVE_STDLIB_H 1
| #define HAVE_STRING_H 1
| #define HAVE_MEMORY_H 1
| #define HAVE_STRINGS_H 1
| #define HAVE_INTTYPES_H 1
| #define HAVE_STDINT_H 1
| #define HAVE_UNISTD_H 1
| #define __EXTENSIONS__ 1
| #define _ALL_SOURCE 1
| #define _GNU_SOURCE 1
| #define _POSIX_PTHREAD_SEMANTICS 1
| #define _TANDEM_SOURCE 1
| #define HAVE_USELOCALE 1
| #define HAVE_NEWLOCALE 1
| #define HAVE_FREELOCALE 1
| #define HAVE_XLOCALE_H 1
| /* end confdefs.h.  */
| 
| /* Override any GCC internal prototype to avoid an error.
|    Use char because int might match the return type of a GCC
|    builtin and then its argument prototype would still apply.  */
| #ifdef __cplusplus
| extern "C"
| #endif
| char pcre_study ();
| int
| main ()
| {
| return pcre_study ();
|   ;
|   return 0;
| }
configure:6874: g++ -o conftest -g -O2 -std=c++11  -DMAXCONN=16384 -I../common -DHAS_TLS -fno-strict-aliasing -DHAVE_SETRLIMIT -DHAVE_STRNLEN  -I/usr/include -DHAVE_MONOTONIC_CLOCK  -L/usr/lib conftest.cpp -lpcre  -lpthread -lrt -lz  >&5
configure:6874: $? = 0
configure:6891: result: -lpcre
configure:6952: checking PCRE library (optional)
configure:6956: result: yes (7.8)
configure:6979: checking host OS
configure:6982: result: Linux
configure:7007: checking for MinGW
configure:7018: result: no
configure:7028: Configure finish
configure:7030: CPPFLAGS=  -DMAXCONN=16384 -I../common -DHAS_TLS -fno-strict-aliasing -DHAVE_SETRLIMIT -DHAVE_STRNLEN  -I/usr/include -DHAVE_MONOTONIC_CLOCK
configure:7032: CFLAGS= -flto -fuse-linker-plugin -g -O2 -pipe -ffast-math -Wall -Wempty-body -Wno-switch -Wno-missing-field-initializers -Wno-maybe-uninitialized -Wno-clobbered -Wshadow
configure:7034: CFLAGS_AR= -flto -fuse-linker-plugin -ffat-lto-objects -flto -fuse-linker-plugin -g -O2 -pipe -ffast-math -Wall -Wempty-body -Wno-switch -Wno-missing-field-initializers -Wno-maybe-uninitialized -Wno-clobbered -Wshadow
configure:7036: LDFLAGS=  -L/usr/lib
configure:7040: output name =  login-server, char-server, map-server
configure:7195: creating ./config.status

## ---------------------- ##
## Running config.status. ##
## ---------------------- ##

This file was extended by config.status, which was
generated by GNU Autoconf 2.69.  Invocation command line was

  CONFIG_FILES    = 
  CONFIG_HEADERS  = 
  CONFIG_LINKS    = 
  CONFIG_COMMANDS = 
  $ ./config.status 

on 732

config.status:756: creating Makefile
config.status:756: creating src/common/Makefile
config.status:756: creating 3rdparty/mt19937ar/Makefile
config.status:756: creating 3rdparty/libconfig/Makefile
config.status:756: creating 3rdparty/yaml-cpp/Makefile
config.status:756: creating src/char/Makefile
config.status:756: creating src/login/Makefile
config.status:756: creating src/map/Makefile
config.status:756: creating src/tool/Makefile

## ---------------- ##
## Cache variables. ##
## ---------------- ##

ac_cv_c_bigendian=no
ac_cv_c_compiler_gnu=yes
ac_cv_cxx_compiler_gnu=yes
ac_cv_env_CCC_set=
ac_cv_env_CCC_value=
ac_cv_env_CC_set=
ac_cv_env_CC_value=
ac_cv_env_CFLAGS_set=
ac_cv_env_CFLAGS_value=
ac_cv_env_CPPFLAGS_set=
ac_cv_env_CPPFLAGS_value=
ac_cv_env_CXXCPP_set=
ac_cv_env_CXXCPP_value=
ac_cv_env_CXXFLAGS_set=
ac_cv_env_CXXFLAGS_value=
ac_cv_env_CXX_set=
ac_cv_env_CXX_value=
ac_cv_env_LDFLAGS_set=
ac_cv_env_LDFLAGS_value=
ac_cv_env_LIBS_set=
ac_cv_env_LIBS_value=
ac_cv_env_build_alias_set=
ac_cv_env_build_alias_value=
ac_cv_env_host_alias_set=
ac_cv_env_host_alias_value=
ac_cv_env_target_alias_set=
ac_cv_env_target_alias_value=
ac_cv_func_freelocale=yes
ac_cv_func_newlocale=yes
ac_cv_func_setrlimit=yes
ac_cv_func_strnlen=yes
ac_cv_func_uselocale=yes
ac_cv_header_inttypes_h=yes
ac_cv_header_memory_h=yes
ac_cv_header_minix_config_h=no
ac_cv_header_mysql_h=yes
ac_cv_header_stdc=yes
ac_cv_header_stdint_h=yes
ac_cv_header_stdlib_h=yes
ac_cv_header_string_h=yes
ac_cv_header_strings_h=yes
ac_cv_header_sys_stat_h=yes
ac_cv_header_sys_types_h=yes
ac_cv_header_unistd_h=yes
ac_cv_header_xlocale_h=yes
ac_cv_header_zlib_h=yes
ac_cv_lib_mysqlclient_mysql_init=yes
ac_cv_objext=o
ac_cv_path_AR=/opt/rh/devtoolset-7/root/usr/bin/ar
ac_cv_path_EGREP='/bin/grep -E'
ac_cv_path_GREP=/bin/grep
ac_cv_path_MYSQL_CONFIG_HOME=/usr/bin/mysql_config
ac_cv_prog_CXXCPP='g++ -E'
ac_cv_prog_ac_ct_CC=gcc
ac_cv_prog_ac_ct_CXX=g++
ac_cv_prog_cc_c89=
ac_cv_prog_cc_g=yes
ac_cv_prog_cxx_g=yes
ac_cv_prog_make_make_set=yes
ac_cv_safe_to_define___extensions__=yes
ac_cv_search_clock_gettime=-lrt
ac_cv_search_inflateEnd=-lz
ac_cv_search_pcre_study=-lpcre
ac_cv_search_pthread_attr_destroy='none required'
ac_cv_search_pthread_attr_init='none required'
ac_cv_search_pthread_attr_setstacksize='none required'
ac_cv_search_pthread_cancel='none required'
ac_cv_search_pthread_create=-lpthread
ac_cv_search_pthread_join='none required'
ac_cv_search_pthread_sigmask='none required'
ac_cv_search_sqrt='none required'

## ----------------- ##
## Output variables. ##
## ----------------- ##

AR='/opt/rh/devtoolset-7/root/usr/bin/ar'
CC='gcc'
CFLAGS='-flto -fuse-linker-plugin -g -O2 -pipe -ffast-math -Wall -Wempty-body -Wno-switch -Wno-missing-field-initializers -Wno-maybe-uninitialized -Wno-clobbered -Wshadow'
CFLAGS_AR='-flto -fuse-linker-plugin -ffat-lto-objects -flto -fuse-linker-plugin -g -O2 -pipe -ffast-math -Wall -Wempty-body -Wno-switch -Wno-missing-field-initializers -Wno-maybe-uninitialized -Wno-clobbered -Wshadow'
CPPFLAGS=' -DMAXCONN=16384 -I../common -DHAS_TLS -fno-strict-aliasing -DHAVE_SETRLIMIT -DHAVE_STRNLEN  -I/usr/include -DHAVE_MONOTONIC_CLOCK'
CXX='g++'
CXXCPP='g++ -E'
CXXFLAGS='-g -O2 -std=c++11'
CXXFLAG_CLEARS='-std=c++11  -DMAXCONN=16384 -I../common -DHAS_TLS -fno-strict-aliasing -DHAVE_SETRLIMIT -DHAVE_STRNLEN  -I/usr/include -DHAVE_MONOTONIC_CLOCK'
DEFS='-DPACKAGE_NAME=\"\" -DPACKAGE_TARNAME=\"\" -DPACKAGE_VERSION=\"\" -DPACKAGE_STRING=\"\" -DPACKAGE_BUGREPORT=\"\" -DPACKAGE_URL=\"\" -DSTDC_HEADERS=1 -DHAVE_SYS_TYPES_H=1 -DHAVE_SYS_STAT_H=1 -DHAVE_STDLIB_H=1 -DHAVE_STRING_H=1 -DHAVE_MEMORY_H=1 -DHAVE_STRINGS_H=1 -DHAVE_INTTYPES_H=1 -DHAVE_STDINT_H=1 -DHAVE_UNISTD_H=1 -D__EXTENSIONS__=1 -D_ALL_SOURCE=1 -D_GNU_SOURCE=1 -D_POSIX_PTHREAD_SEMANTICS=1 -D_TANDEM_SOURCE=1 -DHAVE_USELOCALE=1 -DHAVE_NEWLOCALE=1 -DHAVE_FREELOCALE=1 -DHAVE_XLOCALE_H=1'
DLLEXT='.so'
ECHO_C=''
ECHO_N='-n'
ECHO_T=''
EGREP='/bin/grep -E'
EXEEXT=''
GREP='/bin/grep'
HAVE_MYSQL='yes'
HAVE_PCRE='yes'
LDFLAGS=' -L/usr/lib'
LIBOBJS=''
LIBS='-lpcre -lpthread -lrt -lz  -ldl'
LTLIBOBJS=''
MYSQL_CFLAGS='-I/usr/include/mysql'
MYSQL_CONFIG_HOME='/usr/bin/mysql_config'
MYSQL_LIBS='-rdynamic -L/usr/lib64/mysql -lmysqlclient -lz -lcrypt -lnsl -lm -lssl -lcrypto'
MYSQL_VERSION='5.1.73'
OBJEXT='o'
OCHR='char-server'
OLOG='login-server'
OMAP='map-server'
PACKAGE_BUGREPORT=''
PACKAGE_NAME=''
PACKAGE_STRING=''
PACKAGE_TARNAME=''
PACKAGE_URL=''
PACKAGE_VERSION=''
PATH_SEPARATOR=':'
PCRE_CFLAGS=''
PCRE_LIBS='-lpcre'
PCRE_VERSION='7.8'
SET_MAKE=''
SHELL='/bin/sh'
SOFLAGS=''
WITH_PLUGINS='no'
ac_ct_CC='gcc'
ac_ct_CXX='g++'
bindir='${exec_prefix}/bin'
build_alias=''
datadir='${datarootdir}'
datarootdir='${prefix}/share'
docdir='${datarootdir}/doc/${PACKAGE}'
dvidir='${docdir}'
exec_prefix='${prefix}'
host_alias=''
htmldir='${docdir}'
includedir='${prefix}/include'
infodir='${datarootdir}/info'
libdir='${exec_prefix}/lib'
libexecdir='${exec_prefix}/libexec'
localedir='${datarootdir}/locale'
localstatedir='${prefix}/var'
mandir='${datarootdir}/man'
oldincludedir='/usr/include'
pdfdir='${docdir}'
prefix='/usr/local'
program_transform_name='s,x,x,'
psdir='${docdir}'
sbindir='${exec_prefix}/sbin'
sharedstatedir='${prefix}/com'
sysconfdir='${prefix}/etc'
target_alias=''

## ----------- ##
## confdefs.h. ##
## ----------- ##

/* confdefs.h */
#define PACKAGE_NAME ""
#define PACKAGE_TARNAME ""
#define PACKAGE_VERSION ""
#define PACKAGE_STRING ""
#define PACKAGE_BUGREPORT ""
#define PACKAGE_URL ""
#define STDC_HEADERS 1
#define HAVE_SYS_TYPES_H 1
#define HAVE_SYS_STAT_H 1
#define HAVE_STDLIB_H 1
#define HAVE_STRING_H 1
#define HAVE_MEMORY_H 1
#define HAVE_STRINGS_H 1
#define HAVE_INTTYPES_H 1
#define HAVE_STDINT_H 1
#define HAVE_UNISTD_H 1
#define __EXTENSIONS__ 1
#define _ALL_SOURCE 1
#define _GNU_SOURCE 1
#define _POSIX_PTHREAD_SEMANTICS 1
#define _TANDEM_SOURCE 1
#define HAVE_USELOCALE 1
#define HAVE_NEWLOCALE 1
#define HAVE_FREELOCALE 1
#define HAVE_XLOCALE_H 1

configure: exit 0
